# JRE version: OpenJDK Runtime Environment Temurin-17.0.6+10 (17.0.6+10) (build 17.0.6+10)
# Java VM: OpenJDK 64-Bit Server VM Temurin-17.0.6+10 (17.0.6+10, mixed mode, sharing, tiered, compressed oops, compressed class ptrs, g1 gc, windows-amd64)
GC Precious Log:
 CPUs: 4 total, 4 available
 Memory: 5065M
 Large Page Support: Disabled
 NUMA Support: Disabled
 Compressed Oops: Enabled (32-bit)
 Heap Region Size: 1M
 Heap Min Capacity: 8M
 Heap Initial Capacity: 80M
 Heap Max Capacity: 1268M
 Pre-touch: Disabled
 Parallel Workers: 4
 Concurrent Workers: 1
 Concurrent Refinement Workers: 4
 Periodic GC: Disabled
Heap:
 garbage-first heap   total 81920K, used 28686K [0x00000000b0c00000, 0x0000000100000000)
  region size 1024K, 20 young (20480K), 4 survivors (4096K)
 Metaspace       used 19888K, committed 20096K, reserved 1073152K
  class space    used 2411K, committed 2496K, reserved 1048576K
GC Heap History (6 events):
Event: 14.161 GC heap before
{Heap before GC invocations=0 (full 0):
 garbage-first heap   total 81920K, used 12288K [0x00000000b0c00000, 0x0000000100000000)
  region size 1024K, 13 young (13312K), 0 survivors (0K)
 Metaspace       used 5034K, committed 5248K, reserved 1056768K
  class space    used 527K, committed 640K, reserved 1048576K
}
Event: 14.172 GC heap after
{Heap after GC invocations=1 (full 0):
 garbage-first heap   total 81920K, used 4507K [0x00000000b0c00000, 0x0000000100000000)
  region size 1024K, 2 young (2048K), 2 survivors (2048K)
 Metaspace       used 5034K, committed 5248K, reserved 1056768K
  class space    used 527K, committed 640K, reserved 1048576K
}
Event: 20.484 GC heap before
{Heap before GC invocations=1 (full 0):
 garbage-first heap   total 81920K, used 15771K [0x00000000b0c00000, 0x0000000100000000)
  region size 1024K, 13 young (13312K), 2 survivors (2048K)
 Metaspace       used 8423K, committed 8576K, reserved 1056768K
  class space    used 970K, committed 1088K, reserved 1048576K
}
Event: 20.493 GC heap after
{Heap after GC invocations=2 (full 0):
 garbage-first heap   total 81920K, used 5348K [0x00000000b0c00000, 0x0000000100000000)
  region size 1024K, 1 young (1024K), 1 survivors (1024K)
 Metaspace       used 8423K, committed 8576K, reserved 1056768K
  class space    used 970K, committed 1088K, reserved 1048576K
}
Event: 32.989 GC heap before
{Heap before GC invocations=2 (full 0):
 garbage-first heap   total 81920K, used 28900K [0x00000000b0c00000, 0x0000000100000000)
  region size 1024K, 25 young (25600K), 1 survivors (1024K)
 Metaspace       used 16557K, committed 16768K, reserved 1064960K
  class space    used 1963K, committed 2048K, reserved 1048576K
}
Event: 33.002 GC heap after
{Heap after GC invocations=3 (full 0):
 garbage-first heap   total 81920K, used 8206K [0x00000000b0c00000, 0x0000000100000000)
  region size 1024K, 4 young (4096K), 4 survivors (4096K)
 Metaspace       used 16557K, committed 16768K, reserved 1064960K
  class space    used 1963K, committed 2048K, reserved 1048576K
}

